#
# There is insufficient memory for the Java Runtime Environment to continue.
# Native memory allocation (malloc) failed to allocate 1557776 bytes for Chunk::new
# Possible reasons:
#   The system is out of physical RAM or swap space
#   In 32 bit mode, the process size limit was hit
# Possible solutions:
#   Reduce memory load on the system
#   Increase physical memory or swap space
#   Check if swap backing store is full
#   Use 64 bit Java on a 64 bit OS
#   Decrease Java heap size (-Xmx/-Xms)
#   Decrease number of Java threads
#   Decrease Java thread stack sizes (-Xss)
#   Set larger code cache with -XX:ReservedCodeCacheSize=
# This output file may be truncated or incomplete.
#
#  Out of Memory Error (allocation.cpp:390), pid=8264, tid=0x0000000000002124
#
# JRE version: OpenJDK Runtime Environment (8.0_152-b02) (build 1.8.0_152-release-1024-b02)
# Java VM: OpenJDK 64-Bit Server VM (25.152-b02 mixed mode windows-amd64 compressed oops)
# Failed to write core dump. Minidumps are not enabled by default on client versions of Windows
#

---------------  T H R E A D  ---------------

Current thread (0x000000001889c800):  JavaThread "C2 CompilerThread0" daemon [_thread_in_native, id=8484, stack(0x000000001a000000,0x000000001a100000)]

Stack: [0x000000001a000000,0x000000001a100000]
[error occurred during error reporting (printing stack bounds), id 0xc0000005]

Native frames: (J=compiled Java code, j=interpreted, Vv=VM code, C=native code)


Current CompileTask:
C2:1536929 22327       4       com.android.utils.XmlUtils::append (540 bytes)


---------------  P R O C E S S  ---------------

Java Threads: ( => current thread )
  0x000000001e05c800 JavaThread "pool-32-thread-2" [_thread_blocked, id=316, stack(0x000000003dba0000,0x000000003dca0000)]
  0x0000000025814800 JavaThread "stdout" daemon [_thread_in_native, id=1528, stack(0x000000003d9a0000,0x000000003daa0000)]
  0x000000001ab6c800 JavaThread "stderr" daemon [_thread_in_native, id=8496, stack(0x000000003d8a0000,0x000000003d9a0000)]
  0x000000001ab6b000 JavaThread "stdout" daemon [_thread_in_native, id=3592, stack(0x000000003d7a0000,0x000000003d8a0000)]
  0x000000001ab67800 JavaThread "stderr" daemon [_thread_in_native, id=8112, stack(0x000000003d6a0000,0x000000003d7a0000)]
  0x0000000029b95800 JavaThread "stdout" daemon [_thread_in_native, id=8316, stack(0x000000003d5a0000,0x000000003d6a0000)]
  0x0000000029b94000 JavaThread "stderr" daemon [_thread_in_native, id=10032, stack(0x000000003d4a0000,0x000000003d5a0000)]
  0x0000000029b93800 JavaThread "stdout" daemon [_thread_in_native, id=8328, stack(0x000000003d3a0000,0x000000003d4a0000)]
  0x0000000029b9a000 JavaThread "stderr" daemon [_thread_in_native, id=3760, stack(0x000000003d2a0000,0x000000003d3a0000)]
  0x0000000029b8c000 JavaThread "queued-resource-processor_4" daemon [_thread_blocked, id=9660, stack(0x000000003d1a0000,0x000000003d2a0000)]
  0x0000000029b92000 JavaThread "queued-resource-processor_3" daemon [_thread_blocked, id=9616, stack(0x000000003d0a0000,0x000000003d1a0000)]
  0x0000000029b91000 JavaThread "queued-resource-processor_2" daemon [_thread_blocked, id=9548, stack(0x000000003cfa0000,0x000000003d0a0000)]
  0x000000001e056000 JavaThread "queued-resource-processor_1" daemon [_thread_blocked, id=10204, stack(0x000000003cea0000,0x000000003cfa0000)]
  0x000000001e065000 JavaThread "Worker Daemon Execution Thread 3" [_thread_blocked, id=8076, stack(0x000000003cda0000,0x000000003cea0000)]
  0x000000001e063800 JavaThread "Worker Daemon Execution Thread 2" [_thread_blocked, id=8092, stack(0x000000003cca0000,0x000000003cda0000)]
  0x000000001e062800 JavaThread "Worker Daemon Execution" [_thread_blocked, id=5472, stack(0x000000003cba0000,0x000000003cca0000)]
  0x000000001e061000 JavaThread "Task worker for ':' Thread 3" [_thread_blocked, id=9584, stack(0x000000003caa0000,0x000000003cba0000)]
  0x000000001e059800 JavaThread "Task worker for ':' Thread 2" [_thread_blocked, id=8176, stack(0x000000003c9a0000,0x000000003caa0000)]
  0x000000001e060800 JavaThread "Task worker for ':'" [_thread_in_Java, id=6672, stack(0x000000003c8a0000,0x000000003c9a0000)]
  0x000000001e059000 JavaThread "Cache worker for Build Output Cleanup Cache (D:\HoangNghiep\Tai lieu\Nam3\CD_DD\Mobile-Themes-Group-6\Code Project\DuLichDoDay\.gradle\buildOutputCleanup)" [_thread_blocked, id=9416, stack(0x000000003c7a0000,0x000000003c8a0000)]
  0x000000001e05f800 JavaThread "Cache worker for task history cache (D:\HoangNghiep\Tai lieu\Nam3\CD_DD\Mobile-Themes-Group-6\Code Project\DuLichDoDay\.gradle\4.4\taskHistory)" [_thread_blocked, id=5144, stack(0x000000003c6a0000,0x000000003c7a0000)]
  0x000000002581d000 JavaThread "pool-31-thread-1" [_thread_blocked, id=7380, stack(0x000000003c5a0000,0x000000003c6a0000)]
  0x0000000025820000 JavaThread "build operations Thread 4" [_thread_blocked, id=9648, stack(0x000000003c4a0000,0x000000003c5a0000)]
  0x000000002581e800 JavaThread "build operations Thread 3" [_thread_blocked, id=1644, stack(0x000000003c3a0000,0x000000003c4a0000)]
  0x000000002581a800 JavaThread "build operations Thread 2" [_thread_blocked, id=8100, stack(0x000000003c2a0000,0x000000003c3a0000)]
  0x000000002581f000 JavaThread "build operations" [_thread_blocked, id=9332, stack(0x000000003c1a0000,0x000000003c2a0000)]
  0x000000002581c000 JavaThread "Cache worker for Artifact transforms cache (C:\Users\hoang\.gradle\caches\transforms-1)" [_thread_blocked, id=1516, stack(0x000000003c0a0000,0x000000003c1a0000)]
  0x0000000025813000 JavaThread "Cache worker for file hash cache (D:\HoangNghiep\Tai lieu\Nam3\CD_DD\Mobile-Themes-Group-6\Code Project\DuLichDoDay\.gradle\4.4\fileHashes)" [_thread_blocked, id=1996, stack(0x000000003bfa0000,0x000000003c0a0000)]
  0x0000000025817000 JavaThread "Asynchronous log dispatcher for DefaultDaemonConnection: socket connection from /127.0.0.1:49748 to /127.0.0.1:50126" [_thread_blocked, id=7236, stack(0x000000003bda0000,0x000000003bea0000)]
  0x000000002581a000 JavaThread "Cancel handler" [_thread_blocked, id=8052, stack(0x000000003bca0000,0x000000003bda0000)]
  0x0000000025816000 JavaThread "Handler for socket connection from /127.0.0.1:49748 to /127.0.0.1:50126" [_thread_in_native, id=9316, stack(0x000000003bba0000,0x000000003bca0000)]
  0x0000000025819000 JavaThread "pool-30-thread-1" [_thread_blocked, id=10092, stack(0x000000003b9a0000,0x000000003baa0000)]
  0x0000000029b92800 JavaThread "Daemon worker Thread 3" [_thread_blocked, id=1512, stack(0x000000003b0a0000,0x000000003b1a0000)]
  0x0000000029b8e000 JavaThread "Daemon Thread 3" [_thread_blocked, id=2532, stack(0x000000003ada0000,0x000000003aea0000)]
  0x0000000029b8c800 JavaThread "stdout" daemon [_thread_in_native, id=3700, stack(0x0000000032aa0000,0x0000000032ba0000)]
  0x0000000029b8f000 JavaThread "stderr" daemon [_thread_in_native, id=1088, stack(0x00000000329a0000,0x0000000032aa0000)]
  0x000000002581d800 JavaThread "Java2D Disposer" daemon [_thread_blocked, id=8720, stack(0x00000000294b0000,0x00000000295b0000)]
  0x000000001ab69800 JavaThread "pool-2-thread-1" [_thread_blocked, id=5188, stack(0x0000000027bb0000,0x0000000027cb0000)]
  0x000000001e05b000 JavaThread "Memory manager" [_thread_blocked, id=4872, stack(0x0000000023820000,0x0000000023920000)]
  0x000000001e05c000 JavaThread "pool-1-thread-1" [_thread_blocked, id=8580, stack(0x0000000023520000,0x0000000023620000)]
  0x000000001bc9b000 JavaThread "File lock request listener" [_thread_in_native, id=9048, stack(0x000000001e6c0000,0x000000001e7c0000)]
  0x000000001c09e800 JavaThread "Cache worker for file hash cache (C:\Users\hoang\.gradle\caches\4.4\fileHashes)" [_thread_blocked, id=8168, stack(0x000000001e5c0000,0x000000001e6c0000)]
  0x000000001b543000 JavaThread "Daemon periodic checks" [_thread_blocked, id=7864, stack(0x000000001caf0000,0x000000001cbf0000)]
  0x000000001b528000 JavaThread "Incoming local TCP Connector on port 49748" [_thread_in_native, id=1188, stack(0x000000001c610000,0x000000001c710000)]
  0x000000001a320800 JavaThread "Service Thread" daemon [_thread_blocked, id=2916, stack(0x000000001a700000,0x000000001a800000)]
  0x00000000188a4800 JavaThread "C1 CompilerThread2" daemon [_thread_blocked, id=5728, stack(0x000000001a200000,0x000000001a300000)]
  0x00000000188a1000 JavaThread "C2 CompilerThread1" daemon [_thread_in_native, id=7868, stack(0x000000001a100000,0x000000001a200000)]
=>0x000000001889c800 JavaThread "C2 CompilerThread0" daemon [_thread_in_native, id=8484, stack(0x000000001a000000,0x000000001a100000)]
  0x0000000018899800 JavaThread "Attach Listener" daemon [_thread_blocked, id=8656, stack(0x0000000019f00000,0x000000001a000000)]
  0x0000000018898000 JavaThread "Signal Dispatcher" daemon [_thread_blocked, id=7264, stack(0x0000000019e00000,0x0000000019f00000)]
  0x0000000018888800 JavaThread "Finalizer" daemon [_thread_blocked, id=3508, stack(0x0000000019b10000,0x0000000019c10000)]
  0x0000000004e51800 JavaThread "Reference Handler" daemon [_thread_blocked, id=1284, stack(0x0000000019a10000,0x0000000019b10000)]
  0x0000000004f2d800 JavaThread "main" [_thread_blocked, id=8060, stack(0x0000000004be0000,0x0000000004ce0000)]

Other Threads:
  0x0000000018865000 VMThread [stack: 0x0000000019910000,0x0000000019a10000] [id=8260]
  0x00000000188fd800 WatcherThread [stack: 0x000000001a800000,0x000000001a900000] [id=7188]

VM state:not at safepoint (normal execution)

VM Mutex/Monitor currently owned by a thread: None

Heap:
 PSYoungGen      total 479232K, used 105963K [0x00000000e0000000, 0x0000000100000000, 0x0000000100000000)
  eden space 457728K, 23% used [0x00000000e0000000,0x00000000e677afc8,0x00000000fbf00000)
  from space 21504K, 0% used [0x00000000feb00000,0x00000000feb00000,0x0000000100000000)
  to   space 33280K, 0% used [0x00000000fbf00000,0x00000000fbf00000,0x00000000fdf80000)
 ParOldGen       total 144896K, used 109755K [0x00000000a0000000, 0x00000000a8d80000, 0x00000000e0000000)
  object space 144896K, 75% used [0x00000000a0000000,0x00000000a6b2ee68,0x00000000a8d80000)
 Metaspace       used 134005K, capacity 141100K, committed 141272K, reserved 1171456K
  class space    used 17151K, capacity 18652K, committed 18688K, reserved 1048576K

Card table byte_map: [0x00000000142f0000,0x0000000014600000] byte_map_base: 0x0000000013df0000

Marking Bits: (ParMarkBitMap*) 0x0000000058174970
 Begin Bits: [0x0000000014c00000, 0x0000000016400000)
 End Bits:   [0x0000000016400000, 0x0000000017c00000)

Polling page: 0x0000000002f50000

CodeCache: size=245760Kb used=59948Kb max_used=60316Kb free=185812Kb
 bounds [0x0000000004f30000, 0x0000000008a70000, 0x0000000013f30000]
 total_blobs=18826 nmethods=17836 adapters=900
 compilation: enabled

Compilation events (10 events):
Event: 1535.224 Thread 0x00000000188a4800 22328       3       com.google.common.collect.RegularImmutableSet::contains (56 bytes)
Event: 1535.225 Thread 0x00000000188a4800 nmethod 22328 0x0000000005e95ad0 code [0x0000000005e95c80, 0x0000000005e962f8]
Event: 1535.432 Thread 0x00000000188a4800 22329       1       com.android.ide.common.res2.CompileResourceRequest::getInputFile (5 bytes)
Event: 1535.432 Thread 0x00000000188a4800 nmethod 22329 0x000000000505cc10 code [0x000000000505cd60, 0x000000000505ce70]
Event: 1535.498 Thread 0x00000000188a1000 22330       4       java.io.OutputStreamWriter::write (11 bytes)
Event: 1535.519 Thread 0x00000000188a1000 nmethod 22330 0x0000000005e99c90 code [0x0000000005e99de0, 0x0000000005e9a108]
Event: 1535.711 Thread 0x00000000188a4800 22331       1       com.google.common.cache.LocalCache$2::poll (2 bytes)
Event: 1535.712 Thread 0x00000000188a4800 nmethod 22331 0x00000000052cbe50 code [0x00000000052cbfa0, 0x00000000052cc0b0]
Event: 1535.772 Thread 0x00000000188a1000 22332       4       java.util.stream.Collectors$$Lambda$117/535750592::accept (11 bytes)
Event: 1535.776 Thread 0x00000000188a1000 nmethod 22332 0x0000000006b989d0 code [0x0000000006b98b20, 0x0000000006b98e78]

GC Heap History (10 events):
Event: 843.835 GC heap before
{Heap before GC invocations=29 (full 4):
 PSYoungGen      total 416768K, used 403569K [0x00000000e0000000, 0x00000000fb000000, 0x0000000100000000)
  eden space 391680K, 100% used [0x00000000e0000000,0x00000000f7e80000,0x00000000f7e80000)
  from space 25088K, 47% used [0x00000000f9600000,0x00000000fa19c750,0x00000000fae80000)
  to   space 24064K, 0% used [0x00000000f7e80000,0x00000000f7e80000,0x00000000f9600000)
 ParOldGen       total 144896K, used 87224K [0x00000000a0000000, 0x00000000a8d80000, 0x00000000e0000000)
  object space 144896K, 60% used [0x00000000a0000000,0x00000000a552e270,0x00000000a8d80000)
 Metaspace       used 104235K, capacity 108948K, committed 109016K, reserved 1144832K
  class space    used 13272K, capacity 14319K, committed 14336K, reserved 1048576K
Event: 843.952 GC heap after
Heap after GC invocations=29 (full 4):
 PSYoungGen      total 415744K, used 7104K [0x00000000e0000000, 0x00000000ffb00000, 0x0000000100000000)
  eden space 391680K, 0% used [0x00000000e0000000,0x00000000e0000000,0x00000000f7e80000)
  from space 24064K, 29% used [0x00000000f7e80000,0x00000000f8570010,0x00000000f9600000)
  to   space 23552K, 0% used [0x00000000fe400000,0x00000000fe400000,0x00000000ffb00000)
 ParOldGen       total 144896K, used 97274K [0x00000000a0000000, 0x00000000a8d80000, 0x00000000e0000000)
  object space 144896K, 67% used [0x00000000a0000000,0x00000000a5efeb68,0x00000000a8d80000)
 Metaspace       used 104235K, capacity 108948K, committed 109016K, reserved 1144832K
  class space    used 13272K, capacity 14319K, committed 14336K, reserved 1048576K
}
Event: 874.887 GC heap before
{Heap before GC invocations=30 (full 4):
 PSYoungGen      total 415744K, used 397993K [0x00000000e0000000, 0x00000000ffb00000, 0x0000000100000000)
  eden space 391680K, 99% used [0x00000000e0000000,0x00000000f7dba570,0x00000000f7e80000)
  from space 24064K, 29% used [0x00000000f7e80000,0x00000000f8570010,0x00000000f9600000)
  to   space 23552K, 0% used [0x00000000fe400000,0x00000000fe400000,0x00000000ffb00000)
 ParOldGen       total 144896K, used 97274K [0x00000000a0000000, 0x00000000a8d80000, 0x00000000e0000000)
  object space 144896K, 67% used [0x00000000a0000000,0x00000000a5efeb68,0x00000000a8d80000)
 Metaspace       used 105276K, capacity 110156K, committed 110296K, reserved 1144832K
  class space    used 13387K, capacity 14459K, committed 14592K, reserved 1048576K
Event: 874.944 GC heap after
Heap after GC invocations=30 (full 4):
 PSYoungGen      total 478208K, used 9371K [0x00000000e0000000, 0x00000000ff180000, 0x0000000100000000)
  eden space 464384K, 0% used [0x00000000e0000000,0x00000000e0000000,0x00000000fc580000)
  from space 13824K, 67% used [0x00000000fe400000,0x00000000fed26c48,0x00000000ff180000)
  to   space 22528K, 0% used [0x00000000fc580000,0x00000000fc580000,0x00000000fdb80000)
 ParOldGen       total 144896K, used 101976K [0x00000000a0000000, 0x00000000a8d80000, 0x00000000e0000000)
  object space 144896K, 70% used [0x00000000a0000000,0x00000000a63962c8,0x00000000a8d80000)
 Metaspace       used 105276K, capacity 110156K, committed 110296K, reserved 1144832K
  class space    used 13387K, capacity 14459K, committed 14592K, reserved 1048576K
}
Event: 1277.696 GC heap before
{Heap before GC invocations=31 (full 4):
 PSYoungGen      total 478208K, used 473755K [0x00000000e0000000, 0x00000000ff180000, 0x0000000100000000)
  eden space 464384K, 100% used [0x00000000e0000000,0x00000000fc580000,0x00000000fc580000)
  from space 13824K, 67% used [0x00000000fe400000,0x00000000fed26c48,0x00000000ff180000)
  to   space 22528K, 0% used [0x00000000fc580000,0x00000000fc580000,0x00000000fdb80000)
 ParOldGen       total 144896K, used 101976K [0x00000000a0000000, 0x00000000a8d80000, 0x00000000e0000000)
  object space 144896K, 70% used [0x00000000a0000000,0x00000000a63962c8,0x00000000a8d80000)
 Metaspace       used 110188K, capacity 115482K, committed 115800K, reserved 1150976K
  class space    used 13986K, capacity 15140K, committed 15232K, reserved 1048576K
Event: 1281.668 GC heap after
Heap after GC invocations=31 (full 4):
 PSYoungGen      total 486912K, used 9151K [0x00000000e0000000, 0x0000000100000000, 0x0000000100000000)
  eden space 464384K, 0% used [0x00000000e0000000,0x00000000e0000000,0x00000000fc580000)
  from space 22528K, 40% used [0x00000000fc580000,0x00000000fce6fe50,0x00000000fdb80000)
  to   space 21504K, 0% used [0x00000000feb00000,0x00000000feb00000,0x0000000100000000)
 ParOldGen       total 144896K, used 105680K [0x00000000a0000000, 0x00000000a8d80000, 0x00000000e0000000)
  object space 144896K, 72% used [0x00000000a0000000,0x00000000a6734200,0x00000000a8d80000)
 Metaspace       used 110188K, capacity 115482K, committed 115800K, reserved 1150976K
  class space    used 13986K, capacity 15140K, committed 15232K, reserved 1048576K
}
Event: 1416.476 GC heap before
{Heap before GC invocations=32 (full 4):
 PSYoungGen      total 486912K, used 473535K [0x00000000e0000000, 0x0000000100000000, 0x0000000100000000)
  eden space 464384K, 100% used [0x00000000e0000000,0x00000000fc580000,0x00000000fc580000)
  from space 22528K, 40% used [0x00000000fc580000,0x00000000fce6fe50,0x00000000fdb80000)
  to   space 21504K, 0% used [0x00000000feb00000,0x00000000feb00000,0x0000000100000000)
 ParOldGen       total 144896K, used 105680K [0x00000000a0000000, 0x00000000a8d80000, 0x00000000e0000000)
  object space 144896K, 72% used [0x00000000a0000000,0x00000000a6734200,0x00000000a8d80000)
 Metaspace       used 132708K, capacity 139950K, committed 140120K, reserved 1171456K
  class space    used 17023K, capacity 18531K, committed 18560K, reserved 1048576K
Event: 1417.266 GC heap after
Heap after GC invocations=32 (full 4):
 PSYoungGen      total 479232K, used 21482K [0x00000000e0000000, 0x0000000100000000, 0x0000000100000000)
  eden space 457728K, 0% used [0x00000000e0000000,0x00000000e0000000,0x00000000fbf00000)
  from space 21504K, 99% used [0x00000000feb00000,0x00000000ffffa9e0,0x0000000100000000)
  to   space 33280K, 0% used [0x00000000fbf00000,0x00000000fbf00000,0x00000000fdf80000)
 ParOldGen       total 144896K, used 130062K [0x00000000a0000000, 0x00000000a8d80000, 0x00000000e0000000)
  object space 144896K, 89% used [0x00000000a0000000,0x00000000a7f03bb8,0x00000000a8d80000)
 Metaspace       used 132708K, capacity 139950K, committed 140120K, reserved 1171456K
  class space    used 17023K, capacity 18531K, committed 18560K, reserved 1048576K
}
Event: 1417.294 GC heap before
{Heap before GC invocations=33 (full 5):
 PSYoungGen      total 479232K, used 21482K [0x00000000e0000000, 0x0000000100000000, 0x0000000100000000)
  eden space 457728K, 0% used [0x00000000e0000000,0x00000000e0000000,0x00000000fbf00000)
  from space 21504K, 99% used [0x00000000feb00000,0x00000000ffffa9e0,0x0000000100000000)
  to   space 33280K, 0% used [0x00000000fbf00000,0x00000000fbf00000,0x00000000fdf80000)
 ParOldGen       total 144896K, used 130062K [0x00000000a0000000, 0x00000000a8d80000, 0x00000000e0000000)
  object space 144896K, 89% used [0x00000000a0000000,0x00000000a7f03bb8,0x00000000a8d80000)
 Metaspace       used 132708K, capacity 139950K, committed 140120K, reserved 1171456K
  class space    used 17023K, capacity 18531K, committed 18560K, reserved 1048576K
Event: 1492.948 GC heap after
Heap after GC invocations=33 (full 5):
 PSYoungGen      total 479232K, used 0K [0x00000000e0000000, 0x0000000100000000, 0x0000000100000000)
  eden space 457728K, 0% used [0x00000000e0000000,0x00000000e0000000,0x00000000fbf00000)
  from space 21504K, 0% used [0x00000000feb00000,0x00000000feb00000,0x0000000100000000)
  to   space 33280K, 0% used [0x00000000fbf00000,0x00000000fbf00000,0x00000000fdf80000)
 ParOldGen       total 144896K, used 109755K [0x00000000a0000000, 0x00000000a8d80000, 0x00000000e0000000)
  object space 144896K, 75% used [0x00000000a0000000,0x00000000a6b2ee68,0x00000000a8d80000)
 Metaspace       used 132636K, capacity 139692K, committed 140120K, reserved 1171456K
  class space    used 17001K, capacity 18500K, committed 18560K, reserved 1048576K
}

Deoptimization events (10 events):
Event: 1511.737 Thread 0x000000001e060800 Uncommon trap: reason=class_check action=maybe_recompile pc=0x00000000053447dc method=com.google.common.collect.TransformedIterator.hasNext()Z @ 4
Event: 1511.737 Thread 0x000000001e060800 Uncommon trap: reason=class_check action=maybe_recompile pc=0x00000000089fc33c method=com.google.common.collect.TransformedIterator.next()Ljava/lang/Object; @ 5
Event: 1511.737 Thread 0x000000001e060800 Uncommon trap: reason=class_check action=maybe_recompile pc=0x00000000053447dc method=com.google.common.collect.TransformedIterator.hasNext()Z @ 4
Event: 1511.737 Thread 0x000000001e060800 Uncommon trap: reason=class_check action=maybe_recompile pc=0x00000000089fc33c method=com.google.common.collect.TransformedIterator.next()Ljava/lang/Object; @ 5
Event: 1511.737 Thread 0x000000001e060800 Uncommon trap: reason=class_check action=maybe_recompile pc=0x00000000089fc33c method=com.google.common.collect.TransformedIterator.next()Ljava/lang/Object; @ 5
Event: 1511.989 Thread 0x000000001e060800 Uncommon trap: reason=predicate action=maybe_recompile pc=0x0000000007cbfa94 method=java.util.TimSort.mergeLo(IIII)V @ 153
Event: 1512.043 Thread 0x000000001e060800 Uncommon trap: reason=predicate action=maybe_recompile pc=0x0000000007e0d340 method=java.util.TimSort.mergeHi(IIII)V @ 191
Event: 1512.255 Thread 0x000000001e062800 Uncommon trap: reason=unstable_if action=reinterpret pc=0x00000000089d6c70 method=com.android.utils.PositionXmlParser$DomBuilder.findOpeningTag(Lcom/android/utils/PositionXmlParser$Position;)Lcom/android/utils/PositionXmlParser$Position; @ 59
Event: 1512.256 Thread 0x000000001e062800 Uncommon trap: reason=unstable_if action=reinterpret pc=0x00000000089cffcc method=com.android.utils.PositionXmlParser$DomBuilder.findOpeningTag(Lcom/android/utils/PositionXmlParser$Position;)Lcom/android/utils/PositionXmlParser$Position; @ 59
Event: 1534.462 Thread 0x000000001e060800 Uncommon trap: reason=null_check action=make_not_entrant pc=0x00000000058958ac method=com.android.ide.common.res2.NodeUtils.processSingleNodeNamespace(Lorg/w3c/dom/Node;Lorg/w3c/dom/Document;)Z @ 8

Classes redefined (0 events):
No events

Internal exceptions (10 events):
Event: 1511.983 Thread 0x000000001e060800 Exception <a 'java/lang/NoSuchMethodError': <clinit>> (0x00000000e4182408) thrown at [D:\src\AOSP-openjdk-cygwin\jdk8u\hotspot\src\share\vm\prims\jni.cpp, line 1613]
Event: 1511.989 Thread 0x000000001e060800 Exception <a 'java/lang/NoSuchMethodError': <clinit>> (0x00000000e41989f8) thrown at [D:\src\AOSP-openjdk-cygwin\jdk8u\hotspot\src\share\vm\prims\jni.cpp, line 1613]
Event: 1512.045 Thread 0x000000001e060800 Exception <a 'java/lang/NoSuchMethodError': <clinit>> (0x00000000e4207130) thrown at [D:\src\AOSP-openjdk-cygwin\jdk8u\hotspot\src\share\vm\prims\jni.cpp, line 1613]
Event: 1512.067 Thread 0x000000001e060800 Exception <a 'java/lang/NoSuchMethodError': <clinit>> (0x00000000e42236a0) thrown at [D:\src\AOSP-openjdk-cygwin\jdk8u\hotspot\src\share\vm\prims\jni.cpp, line 1613]
Event: 1512.068 Thread 0x000000001e060800 Exception <a 'java/lang/NoSuchMethodError': <clinit>> (0x00000000e422b598) thrown at [D:\src\AOSP-openjdk-cygwin\jdk8u\hotspot\src\share\vm\prims\jni.cpp, line 1613]
Event: 1512.068 Thread 0x000000001e060800 Exception <a 'java/lang/NoSuchMethodError': <clinit>> (0x00000000e422e6d8) thrown at [D:\src\AOSP-openjdk-cygwin\jdk8u\hotspot\src\share\vm\prims\jni.cpp, line 1613]
Event: 1512.069 Thread 0x000000001e060800 Exception <a 'java/lang/NoSuchMethodError': <clinit>> (0x00000000e4242930) thrown at [D:\src\AOSP-openjdk-cygwin\jdk8u\hotspot\src\share\vm\prims\jni.cpp, line 1613]
Event: 1512.072 Thread 0x000000001e060800 Exception <a 'java/lang/NoSuchMethodError': <clinit>> (0x00000000e425e428) thrown at [D:\src\AOSP-openjdk-cygwin\jdk8u\hotspot\src\share\vm\prims\jni.cpp, line 1613]
Event: 1512.073 Thread 0x000000001e060800 Exception <a 'java/lang/NoSuchMethodError': <clinit>> (0x00000000e426e8a0) thrown at [D:\src\AOSP-openjdk-cygwin\jdk8u\hotspot\src\share\vm\prims\jni.cpp, line 1613]
Event: 1534.462 Thread 0x000000001e060800 Implicit null exception at 0x0000000005895557 to 0x000000000589589d

Events (10 events):
Event: 1535.166 Thread 0x00000000188a1000 flushing nmethod 0x0000000006721c10
Event: 1535.167 Thread 0x00000000188a1000 flushing nmethod 0x00000000067b5290
Event: 1535.167 Thread 0x00000000188a1000 flushing nmethod 0x00000000068d2e90
Event: 1535.226 Thread 0x00000000188a4800 flushing nmethod 0x0000000006c883d0
Event: 1535.227 Thread 0x00000000188a4800 flushing nmethod 0x0000000006d15090
Event: 1535.240 Thread 0x00000000188a4800 flushing nmethod 0x0000000006d1e150
Event: 1535.433 Thread 0x00000000188a4800 flushing nmethod 0x0000000006efa410
Event: 1535.434 Thread 0x00000000188a4800 flushing nmethod 0x000000000711fb10
Event: 1535.434 Thread 0x00000000188a4800 flushing nmethod 0x0000000007122110
Event: 1535.776 Thread 0x00000000188a1000 flushing nmethod 0x0000000007971cd0


Dynamic libraries:
0x00007ff73d4d0000 - 0x00007ff73d501000 	C:\Program Files\Android\Android Studio\jre\bin\java.exe
0x00007ff841ef0000 - 0x00007ff8420d0000 	C:\WINDOWS\SYSTEM32\ntdll.dll
0x00007ff83f770000 - 0x00007ff83f81e000 	C:\WINDOWS\System32\KERNEL32.DLL
0x00007ff83e800000 - 0x00007ff83ea66000 	C:\WINDOWS\System32\KERNELBASE.dll
0x00007ff83f3f0000 - 0x00007ff83f491000 	C:\WINDOWS\System32\ADVAPI32.dll
0x00007ff83f940000 - 0x00007ff83f9dd000 	C:\WINDOWS\System32\msvcrt.dll
0x00007ff841a50000 - 0x00007ff841aab000 	C:\WINDOWS\System32\sechost.dll
0x00007ff83fc50000 - 0x00007ff83fd6f000 	C:\WINDOWS\System32\RPCRT4.dll
0x00007ff83fac0000 - 0x00007ff83fc4f000 	C:\WINDOWS\System32\USER32.dll
0x00007ff83e7e0000 - 0x00007ff83e800000 	C:\WINDOWS\System32\win32u.dll
0x00007ff83f3c0000 - 0x00007ff83f3e8000 	C:\WINDOWS\System32\GDI32.dll
0x00007ff83f220000 - 0x00007ff83f3b3000 	C:\WINDOWS\System32\gdi32full.dll
0x00007ff83e4f0000 - 0x00007ff83e58b000 	C:\WINDOWS\System32\msvcp_win.dll
0x00007ff83e3f0000 - 0x00007ff83e4e6000 	C:\WINDOWS\System32\ucrtbase.dll
0x00007ff834770000 - 0x00007ff8349d9000 	C:\WINDOWS\WinSxS\amd64_microsoft.windows.common-controls_6595b64144ccf1df_6.0.16299.309_none_15cfd4c4935e6b11\COMCTL32.dll
0x00007ff841bb0000 - 0x00007ff841eb8000 	C:\WINDOWS\System32\combase.dll
0x00007ff83e590000 - 0x00007ff83e602000 	C:\WINDOWS\System32\bcryptPrimitives.dll
0x00007ff83f550000 - 0x00007ff83f57d000 	C:\WINDOWS\System32\IMM32.DLL
0x00000000577f0000 - 0x00000000578c2000 	C:\Program Files\Android\Android Studio\jre\jre\bin\msvcr100.dll
0x00000000579b0000 - 0x00000000581ef000 	C:\Program Files\Android\Android Studio\jre\jre\bin\server\jvm.dll
0x00007ff841ab0000 - 0x00007ff841ab8000 	C:\WINDOWS\System32\PSAPI.DLL
0x00007ff83c670000 - 0x00007ff83c693000 	C:\WINDOWS\SYSTEM32\WINMM.dll
0x00007ff8392c0000 - 0x00007ff8392ca000 	C:\WINDOWS\SYSTEM32\VERSION.dll
0x00007ff83bdf0000 - 0x00007ff83bdf9000 	C:\WINDOWS\SYSTEM32\WSOCK32.dll
0x00007ff83fee0000 - 0x00007ff83ff4c000 	C:\WINDOWS\System32\WS2_32.dll
0x00007ff83c580000 - 0x00007ff83c5aa000 	C:\WINDOWS\SYSTEM32\winmmbase.dll
0x00007ff83e3a0000 - 0x00007ff83e3ea000 	C:\WINDOWS\System32\cfgmgr32.dll
0x00007ff83bde0000 - 0x00007ff83bdef000 	C:\Program Files\Android\Android Studio\jre\jre\bin\verify.dll
0x00007ff8172e0000 - 0x00007ff817309000 	C:\Program Files\Android\Android Studio\jre\jre\bin\java.dll
0x00007ff83a670000 - 0x00007ff83a686000 	C:\Program Files\Android\Android Studio\jre\jre\bin\zip.dll
0x00007ff8405b0000 - 0x00007ff8419e6000 	C:\WINDOWS\System32\SHELL32.dll
0x00007ff83f4a0000 - 0x00007ff83f546000 	C:\WINDOWS\System32\shcore.dll
0x00007ff83ea70000 - 0x00007ff83f1b7000 	C:\WINDOWS\System32\windows.storage.dll
0x00007ff840550000 - 0x00007ff8405a1000 	C:\WINDOWS\System32\shlwapi.dll
0x00007ff83e2d0000 - 0x00007ff83e2e1000 	C:\WINDOWS\System32\kernel.appcore.dll
0x00007ff83e260000 - 0x00007ff83e2ac000 	C:\WINDOWS\System32\powrprof.dll
0x00007ff83e240000 - 0x00007ff83e25b000 	C:\WINDOWS\System32\profapi.dll
0x00007ff819820000 - 0x00007ff81983a000 	C:\Program Files\Android\Android Studio\jre\jre\bin\net.dll
0x00007ff83da70000 - 0x00007ff83dad6000 	C:\WINDOWS\system32\mswsock.dll
0x00007ff8144e0000 - 0x00007ff8144f1000 	C:\Program Files\Android\Android Studio\jre\jre\bin\nio.dll
0x00007ff8391d0000 - 0x00007ff8391ee000 	C:\Users\hoang\.gradle\native\25\windows-amd64\native-platform.dll
0x00007ff80c6f0000 - 0x00007ff80c6fd000 	C:\Program Files\Android\Android Studio\jre\jre\bin\management.dll
0x00007ff83dc40000 - 0x00007ff83dc57000 	C:\WINDOWS\SYSTEM32\CRYPTSP.dll
0x00007ff83d670000 - 0x00007ff83d6a3000 	C:\WINDOWS\system32\rsaenh.dll
0x00007ff83dda0000 - 0x00007ff83ddc5000 	C:\WINDOWS\SYSTEM32\bcrypt.dll
0x00007ff83e140000 - 0x00007ff83e169000 	C:\WINDOWS\SYSTEM32\USERENV.dll
0x00007ff83dc30000 - 0x00007ff83dc3b000 	C:\WINDOWS\SYSTEM32\CRYPTBASE.dll
0x00007ff83d800000 - 0x00007ff83d839000 	C:\WINDOWS\SYSTEM32\IPHLPAPI.DLL
0x00007ff840540000 - 0x00007ff840548000 	C:\WINDOWS\System32\NSI.dll
0x00007ff8394e0000 - 0x00007ff8394f6000 	C:\WINDOWS\SYSTEM32\dhcpcsvc6.DLL
0x00007ff839450000 - 0x00007ff83946a000 	C:\WINDOWS\SYSTEM32\dhcpcsvc.DLL
0x00007ff80bf70000 - 0x00007ff80bf94000 	C:\Program Files\Android\Android Studio\jre\jre\bin\sunec.dll
0x00007ff83d840000 - 0x00007ff83d8f6000 	C:\WINDOWS\SYSTEM32\DNSAPI.dll
0x00007ff834720000 - 0x00007ff83472a000 	C:\Windows\System32\rasadhlp.dll
0x00007ff834680000 - 0x00007ff8346f0000 	C:\WINDOWS\System32\fwpuclnt.dll
0x00007ff80bf10000 - 0x00007ff80bf1b000 	C:\Program Files\Android\Android Studio\jre\jre\bin\sunmscapi.dll
0x00007ff83e610000 - 0x00007ff83e7de000 	C:\WINDOWS\System32\CRYPT32.dll
0x00007ff83e2b0000 - 0x00007ff83e2c2000 	C:\WINDOWS\System32\MSASN1.dll
0x00007ff813dd0000 - 0x00007ff813f66000 	C:\Program Files\Android\Android Studio\jre\jre\bin\awt.dll
0x00007ff841ac0000 - 0x00007ff841b85000 	C:\WINDOWS\System32\OLEAUT32.dll
0x00007ff83b320000 - 0x00007ff83b8d8000 	C:\WINDOWS\SYSTEM32\d2d1.dll
0x00007ff83c5b0000 - 0x00007ff83c638000 	C:\WINDOWS\SYSTEM32\apphelp.dll
0x00007ff83cda0000 - 0x00007ff83cdca000 	C:\WINDOWS\system32\DWMAPI.DLL
0x00007ff83c9f0000 - 0x00007ff83ca85000 	C:\WINDOWS\system32\uxtheme.dll
0x00007ff83d320000 - 0x00007ff83d351000 	C:\WINDOWS\SYSTEM32\ntmarta.dll

VM Arguments:
jvm_args: -Xmx1536m -Dfile.encoding=windows-1252 -Duser.country=US -Duser.language=en -Duser.variant 
java_command: org.gradle.launcher.daemon.bootstrap.GradleDaemon 4.4
java_class_path (initial): C:\Users\hoang\.gradle\wrapper\dists\gradle-4.4-all\9br9xq1tocpiv8o6njlyu5op1\gradle-4.4\lib\gradle-launcher-4.4.jar
Launcher Type: SUN_STANDARD

Environment Variables:
PATH=C:\ProgramData\Oracle\Java\javapath;C:\WINDOWS\system32;C:\WINDOWS;C:\WINDOWS\System32\Wbem;C:\WINDOWS\System32\WindowsPowerShell\v1.0\;C:\Program Files (x86)\Microsoft SQL Server\100\Tools\Binn\;C:\Program Files\Microsoft SQL Server\100\Tools\Binn\;C:\Program Files\Microsoft SQL Server\100\DTS\Binn\;C:\Program Files (x86)\Microsoft SQL Server\100\Tools\Binn\VSShell\Common7\IDE\;C:\Program Files (x86)\Microsoft Visual Studio 9.0\Common7\IDE\PrivateAssemblies\;C:\Program Files (x86)\Microsoft SQL Server\100\DTS\Binn\;C:\Program Files\dotnet\;C:\Program Files\Microsoft SQL Server\130\Tools\Binn\;C:\Program Files\TortoiseSVN\bin;C:\Users\hoang\AppData\Local\Microsoft\WindowsApps;C:\Users\hoang\AppData\Local\GitHubDesktop\bin
USERNAME=hoangnghiep
OS=Windows_NT
PROCESSOR_IDENTIFIER=Intel64 Family 6 Model 61 Stepping 4, GenuineIntel



---------------  S Y S T E M  ---------------

OS: Windows 10.0 , 64 bit Build 16299 (10.0.16299.15)

CPU:total 4 (initial active 4) (2 cores per cpu, 2 threads per core) family 6 model 61 stepping 4, cmov, cx8, fxsr, mmx, sse, sse2, sse3, ssse3, sse4.1, sse4.2, popcnt, avx, avx2, aes, clmul, erms, 3dnowpref, lzcnt, ht, tsc, tscinvbit, bmi1, bmi2, adx

Memory: 4k page, physical 4102036k(123020k free), swap 6199188k(6400k free)

vm_info: OpenJDK 64-Bit Server VM (25.152-b02) for windows-amd64 JRE (1.8.0_152-release-1024-b02), built by "builder" with MS VC++ 10.0 (VS2010)

time: Tue Apr 03 16:18:14 2018
elapsed time: 1536 seconds (0d 0h 25m 36s)

